SF:lib\domain\usecases\get_detail_tv_series.dart
DA:9,1
DA:11,1
DA:12,2
LF:3
LH:3
end_of_record
SF:lib\domain\usecases\get_now_playing_tv_series.dart
DA:9,1
DA:11,1
DA:12,2
LF:3
LH:3
end_of_record
SF:lib\domain\usecases\get_popular_tv_series.dart
DA:9,1
DA:11,1
DA:12,2
LF:3
LH:3
end_of_record
SF:lib\domain\usecases\get_recommendation_tv_series.dart
DA:9,1
DA:11,1
DA:12,2
LF:3
LH:3
end_of_record
SF:lib\domain\usecases\get_season_detail.dart
DA:9,1
DA:11,1
DA:12,2
LF:3
LH:3
end_of_record
SF:lib\domain\usecases\get_top_rated_tv_series.dart
DA:9,1
DA:11,1
DA:12,2
LF:3
LH:3
end_of_record
SF:lib\domain\usecases\get_watchlist_status_tv_series.dart
DA:6,1
DA:8,1
DA:9,2
LF:3
LH:3
end_of_record
SF:lib\domain\usecases\get_watchlist_tv_series.dart
DA:9,1
DA:11,1
DA:12,2
LF:3
LH:3
end_of_record
SF:lib\domain\usecases\remove_watchlist_tv_series.dart
DA:9,1
DA:11,1
DA:12,2
LF:3
LH:3
end_of_record
SF:lib\domain\usecases\save_watchlist_tv_series.dart
DA:9,1
DA:11,1
DA:12,2
LF:3
LH:3
end_of_record
SF:lib\domain\usecases\search_tv_series.dart
DA:9,1
DA:11,1
DA:12,2
LF:3
LH:3
end_of_record
SF:lib\presentation\blocs\detail\detail_tv_series_state.dart
DA:4,3
DA:6,1
DA:7,1
DA:17,3
DA:19,1
DA:20,2
DA:26,3
DA:28,1
DA:29,2
LF:9
LH:9
end_of_record
SF:lib\presentation\blocs\detail\detail_tv_series_bloc.dart
DA:13,1
DA:15,2
DA:16,2
DA:17,2
DA:19,1
DA:20,2
DA:22,1
DA:23,4
DA:24,3
LF:9
LH:9
end_of_record
SF:lib\presentation\blocs\detail\detail_tv_series_event.dart
DA:4,2
DA:10,2
DA:12,1
DA:13,2
LF:4
LH:4
end_of_record
SF:lib\presentation\blocs\now_playing\now_playing_tv_series_bloc.dart
DA:13,1
DA:14,2
DA:15,2
DA:16,2
DA:18,2
DA:20,1
DA:21,4
DA:22,3
LF:8
LH:8
end_of_record
SF:lib\presentation\blocs\now_playing\now_playing_tv_series_state.dart
DA:4,4
DA:6,1
DA:7,1
DA:17,3
DA:19,1
DA:20,2
DA:26,2
DA:28,1
DA:29,2
LF:9
LH:9
end_of_record
SF:lib\presentation\blocs\now_playing\now_playing_tv_series_event.dart
DA:4,6
DA:8,6
DA:10,1
DA:11,1
LF:4
LH:4
end_of_record
SF:lib\presentation\blocs\popular\popular_tv_series_state.dart
DA:4,4
DA:6,1
DA:7,1
DA:17,3
DA:19,1
DA:20,2
DA:26,2
DA:28,1
DA:29,2
LF:9
LH:9
end_of_record
SF:lib\presentation\blocs\popular\popular_tv_series_bloc.dart
DA:13,1
DA:14,2
DA:15,2
DA:16,2
DA:18,2
DA:20,1
DA:21,4
DA:22,3
LF:8
LH:8
end_of_record
SF:lib\presentation\blocs\popular\popular_tv_series_event.dart
DA:4,2
DA:8,2
DA:10,1
DA:11,1
LF:4
LH:4
end_of_record
SF:lib\presentation\blocs\recommendation\recommendation_tv_series_event.dart
DA:4,2
DA:10,2
DA:12,1
DA:13,2
LF:4
LH:4
end_of_record
SF:lib\presentation\blocs\recommendation\recommendation_tv_series_state.dart
DA:4,4
DA:6,1
DA:7,1
DA:17,3
DA:19,1
DA:20,2
DA:26,2
DA:28,1
DA:29,2
LF:9
LH:9
end_of_record
SF:lib\presentation\blocs\recommendation\recommendation_tv_series_bloc.dart
DA:13,1
DA:14,2
DA:15,2
DA:16,2
DA:18,1
DA:19,2
DA:21,1
DA:22,4
DA:23,1
DA:24,1
DA:25,2
DA:27,2
LF:12
LH:12
end_of_record
SF:lib\presentation\blocs\season_detail\season_detail_event.dart
DA:4,2
DA:11,2
DA:16,1
DA:17,3
LF:4
LH:4
end_of_record
SF:lib\presentation\blocs\season_detail\season_detail_bloc.dart
DA:12,3
DA:13,2
DA:14,2
DA:16,2
DA:17,1
DA:18,1
DA:21,1
DA:22,4
DA:23,3
LF:9
LH:9
end_of_record
SF:lib\presentation\blocs\season_detail\season_detail_state.dart
DA:4,4
DA:6,1
DA:7,1
DA:17,3
DA:19,1
DA:20,2
DA:26,3
DA:28,1
DA:29,2
LF:9
LH:9
end_of_record
SF:lib\presentation\blocs\search\search_tv_series_state.dart
DA:4,4
DA:6,1
DA:7,1
DA:19,3
DA:21,1
DA:22,2
DA:28,2
DA:30,1
DA:31,2
LF:9
LH:9
end_of_record
SF:lib\presentation\blocs\search\search_tv_series_event.dart
DA:4,2
DA:10,2
DA:12,1
DA:13,2
LF:4
LH:4
end_of_record
SF:lib\presentation\blocs\search\search_tv_series_bloc.dart
DA:14,3
DA:15,2
DA:16,1
DA:18,2
DA:20,2
DA:21,1
DA:22,1
DA:23,3
DA:25,1
DA:26,1
DA:27,2
DA:29,2
DA:33,1
DA:36,1
DA:37,3
LF:15
LH:15
end_of_record
SF:lib\presentation\blocs\top_rated\top_rated_tv_series_event.dart
DA:4,2
DA:8,2
DA:10,1
DA:11,1
LF:4
LH:4
end_of_record
SF:lib\presentation\blocs\top_rated\top_rated_tv_series_bloc.dart
DA:13,1
DA:14,2
DA:15,2
DA:16,2
DA:18,2
DA:20,1
DA:21,4
DA:22,3
LF:8
LH:8
end_of_record
SF:lib\presentation\blocs\top_rated\top_rated_tv_series_state.dart
DA:4,4
DA:6,1
DA:7,1
DA:17,3
DA:19,1
DA:20,2
DA:26,2
DA:28,1
DA:29,2
LF:9
LH:9
end_of_record
SF:lib\presentation\blocs\watchlist\watchlist_tv_series_state.dart
DA:4,4
DA:6,1
DA:7,1
DA:17,3
DA:19,1
DA:20,2
DA:26,2
DA:28,1
DA:29,2
LF:9
LH:9
end_of_record
SF:lib\presentation\blocs\watchlist\watchlist_tv_series_event.dart
DA:4,2
DA:8,2
DA:10,1
DA:11,1
LF:4
LH:4
end_of_record
SF:lib\presentation\blocs\watchlist\watchlist_tv_series_bloc.dart
DA:13,1
DA:14,2
DA:15,2
DA:16,2
DA:18,2
DA:20,1
DA:21,4
DA:22,1
DA:23,1
DA:24,2
DA:26,2
LF:11
LH:11
end_of_record
SF:lib\presentation\blocs\watchlist_status\watchlist_status_tv_series_event.dart
DA:4,2
DA:10,2
DA:12,1
DA:13,2
DA:19,2
DA:21,1
DA:22,2
DA:28,2
DA:30,1
DA:31,2
LF:10
LH:10
end_of_record
SF:lib\presentation\blocs\watchlist_status\watchlist_status_tv_series_state.dart
DA:7,5
DA:12,1
DA:13,3
LF:3
LH:3
end_of_record
SF:lib\presentation\blocs\watchlist_status\watchlist_status_tv_series_bloc.dart
DA:20,1
DA:24,1
DA:26,2
DA:27,1
DA:28,1
DA:30,2
DA:31,2
DA:33,1
DA:34,1
DA:35,2
DA:37,1
DA:40,1
DA:41,2
DA:49,2
DA:50,1
DA:51,1
DA:53,2
DA:54,2
DA:56,1
DA:57,1
DA:58,2
DA:60,1
DA:63,1
DA:64,2
DA:72,2
DA:73,1
DA:74,2
DA:76,2
LF:28
LH:28
end_of_record
SF:lib\presentation\pages\now_playing_tv_series_page.dart
DA:8,1
DA:10,1
DA:11,1
DA:15,1
DA:17,1
DA:18,3
DA:19,1
DA:20,1
DA:23,1
DA:25,1
DA:26,1
DA:29,1
DA:31,1
DA:32,1
DA:33,1
DA:37,1
DA:38,1
DA:39,1
DA:40,2
DA:41,1
DA:43,2
DA:45,1
DA:46,1
DA:48,2
LF:24
LH:24
end_of_record
SF:lib\presentation\widgets\tv_series_card_list.dart
DA:9,5
DA:14,5
DA:16,5
DA:18,5
DA:19,0
DA:22,0
DA:24,5
DA:26,5
DA:27,5
DA:28,5
DA:34,5
DA:36,5
DA:37,5
DA:38,10
DA:41,5
DA:44,5
DA:45,10
DA:53,5
DA:58,5
DA:60,5
DA:61,15
DA:63,5
DA:66,0
LF:23
LH:20
end_of_record
SF:lib\presentation\pages\popular_tv_series_page.dart
DA:8,1
DA:10,1
DA:11,1
DA:15,1
DA:17,1
DA:18,2
DA:19,3
DA:22,1
DA:24,1
DA:25,1
DA:28,1
DA:30,1
DA:31,1
DA:32,1
DA:36,1
DA:37,1
DA:38,1
DA:39,2
DA:40,1
DA:42,2
DA:44,1
DA:45,1
DA:47,2
LF:23
LH:23
end_of_record
SF:lib\presentation\pages\search_tv_series_page.dart
DA:8,1
DA:10,1
DA:12,1
DA:13,0
DA:14,1
DA:16,1
DA:19,1
DA:21,1
DA:23,1
DA:24,1
DA:25,1
DA:27,1
DA:28,2
DA:41,1
DA:43,1
DA:45,1
DA:46,1
DA:47,1
DA:53,1
DA:54,1
DA:55,1
DA:56,1
DA:58,1
DA:59,1
DA:60,1
DA:62,1
DA:65,1
DA:66,1
DA:67,1
DA:68,1
DA:70,1
DA:73,2
DA:78,1
DA:79,1
DA:80,1
DA:81,1
DA:82,1
DA:88,1
DA:89,1
LF:39
LH:38
end_of_record
SF:lib\presentation\pages\season_detail_page.dart
DA:12,1
DA:18,1
DA:19,1
DA:23,1
DA:25,1
DA:26,1
DA:27,5
DA:28,2
DA:29,2
DA:34,1
DA:36,1
DA:37,1
DA:38,1
DA:39,1
DA:40,1
DA:41,1
DA:42,1
DA:44,1
DA:45,1
DA:46,1
DA:47,2
DA:49,1
DA:50,3
DA:51,2
DA:56,1
DA:61,1
DA:62,1
DA:63,1
DA:67,1
DA:68,2
DA:69,1
DA:74,1
DA:75,1
DA:76,1
DA:77,1
DA:78,1
DA:82,1
DA:83,1
DA:85,2
DA:101,1
DA:106,1
DA:108,1
DA:110,1
DA:111,1
DA:113,1
DA:115,1
DA:116,1
DA:118,1
DA:119,1
DA:121,1
DA:122,1
DA:123,1
DA:127,2
DA:128,2
DA:129,1
DA:130,1
DA:133,0
DA:142,1
DA:143,1
DA:145,1
DA:147,1
DA:148,1
DA:149,3
DA:153,1
DA:154,2
DA:155,1
DA:165,1
DA:167,1
DA:168,2
LF:69
LH:68
end_of_record
SF:lib\presentation\pages\top_rated_tv_series_page.dart
DA:8,1
DA:10,1
DA:11,1
DA:15,1
DA:17,1
DA:18,3
DA:19,1
DA:20,1
DA:23,1
DA:25,1
DA:26,1
DA:29,1
DA:31,1
DA:32,1
DA:33,1
DA:37,1
DA:38,1
DA:39,1
DA:40,2
DA:41,1
DA:43,2
DA:45,1
DA:46,1
DA:48,2
LF:24
LH:24
end_of_record
SF:lib\presentation\pages\tv_series_detail_page.dart
DA:18,1
DA:20,1
DA:21,1
DA:28,1
DA:30,1
DA:31,2
DA:32,2
DA:33,4
DA:34,1
DA:35,1
DA:36,2
DA:37,1
DA:38,1
DA:39,2
DA:43,1
DA:45,1
DA:46,1
DA:47,1
DA:48,1
DA:49,1
DA:50,1
DA:54,1
DA:55,1
DA:56,1
DA:57,1
DA:58,1
DA:61,1
DA:62,1
DA:63,2
DA:66,0
DA:79,1
DA:85,1
DA:87,3
DA:89,1
DA:90,1
DA:91,1
DA:92,3
DA:94,1
DA:97,0
DA:99,1
DA:101,1
DA:102,1
DA:103,1
DA:115,1
DA:116,1
DA:117,1
DA:119,1
DA:121,1
DA:123,1
DA:124,1
DA:125,2
DA:126,1
DA:128,1
DA:130,1
DA:131,2
DA:134,2
DA:137,2
DA:138,1
DA:139,1
DA:140,1
DA:141,2
DA:145,1
DA:147,1
DA:148,1
DA:149,2
DA:155,1
DA:156,3
DA:157,2
DA:158,1
DA:159,1
DA:161,1
DA:162,1
DA:164,1
DA:165,1
DA:166,1
DA:167,1
DA:172,1
DA:173,1
DA:174,1
DA:175,1
DA:180,1
DA:182,1
DA:183,1
DA:192,1
DA:193,3
DA:195,1
DA:196,1
DA:197,1
DA:198,3
DA:200,1
DA:206,4
DA:210,1
DA:212,1
DA:214,1
DA:215,2
DA:218,1
DA:220,1
DA:222,1
DA:223,2
DA:224,2
DA:227,1
DA:229,1
DA:231,1
DA:233,1
DA:234,1
DA:239,1
DA:240,1
DA:241,1
DA:244,1
DA:245,1
DA:246,2
DA:249,1
DA:250,1
DA:251,1
DA:252,1
DA:274,1
DA:276,1
DA:291,1
DA:293,1
DA:296,1
DA:299,0
DA:300,0
DA:309,1
DA:312,2
DA:313,3
DA:316,1
DA:320,3
DA:327,1
DA:329,1
DA:331,1
DA:333,1
DA:335,1
DA:336,2
DA:337,1
DA:339,1
DA:340,0
DA:343,0
DA:345,1
DA:347,1
DA:348,2
DA:349,1
DA:354,0
DA:362,2
DA:372,1
DA:378,1
DA:380,1
DA:382,1
DA:384,1
DA:385,2
DA:386,1
DA:388,1
DA:389,0
DA:392,0
DA:393,0
DA:394,0
DA:397,1
DA:399,1
DA:400,1
DA:401,1
DA:403,1
DA:404,1
DA:405,1
DA:407,1
DA:408,1
DA:409,1
DA:410,1
DA:411,1
DA:412,1
DA:415,1
DA:420,0
DA:421,0
DA:431,1
DA:433,1
DA:435,1
DA:436,1
DA:437,1
DA:450,2
LF:177
LH:164
end_of_record
SF:lib\presentation\pages\watchlist_tv_series_page.dart
DA:9,1
DA:11,1
DA:12,1
DA:17,1
DA:19,1
DA:20,3
DA:21,1
DA:22,1
DA:25,1
DA:27,1
DA:28,4
DA:31,0
DA:33,0
DA:36,1
DA:38,1
DA:39,1
DA:41,1
DA:42,1
DA:43,1
DA:47,1
DA:48,1
DA:49,1
DA:50,2
DA:51,1
DA:53,2
DA:55,1
DA:56,1
DA:58,2
DA:78,1
DA:80,2
DA:81,1
LF:31
LH:29
end_of_record
