SF:lib\domain\usecases\get_detail_movie.dart
DA:9,1
DA:11,1
DA:12,2
LF:3
LH:3
end_of_record
SF:lib\domain\usecases\get_now_playing_movies.dart
DA:9,1
DA:11,1
DA:12,2
LF:3
LH:3
end_of_record
SF:lib\domain\usecases\get_popular_movies.dart
DA:9,1
DA:11,1
DA:12,2
LF:3
LH:3
end_of_record
SF:lib\domain\usecases\get_recommendation_movies.dart
DA:9,1
DA:11,1
DA:12,2
LF:3
LH:3
end_of_record
SF:lib\domain\usecases\get_top_rated_movies.dart
DA:9,1
DA:11,1
DA:12,2
LF:3
LH:3
end_of_record
SF:lib\domain\usecases\get_watchlist_movies.dart
DA:9,1
DA:11,1
DA:12,2
LF:3
LH:3
end_of_record
SF:lib\domain\usecases\get_watchlist_status_movie.dart
DA:6,1
DA:8,1
DA:9,2
LF:3
LH:3
end_of_record
SF:lib\domain\usecases\remove_watchlist_movie.dart
DA:9,1
DA:11,1
DA:12,2
LF:3
LH:3
end_of_record
SF:lib\domain\usecases\save_watchlist_movie.dart
DA:9,1
DA:11,1
DA:12,2
LF:3
LH:3
end_of_record
SF:lib\domain\usecases\search_movies.dart
DA:9,1
DA:11,1
DA:12,2
LF:3
LH:3
end_of_record
SF:lib\presentation\blocs\detail\detail_movie_state.dart
DA:12,4
DA:22,1
DA:24,1
DA:25,1
DA:26,1
DA:27,1
DA:28,1
DA:29,1
DA:30,1
DA:31,1
DA:35,2
DA:44,2
DA:45,2
DA:46,2
DA:47,2
DA:49,2
DA:50,2
DA:51,2
DA:52,2
DA:56,2
LF:20
LH:20
end_of_record
SF:lib\presentation\blocs\detail\detail_movie_event.dart
DA:4,3
DA:10,2
DA:12,1
DA:13,2
DA:19,2
DA:21,1
DA:22,2
DA:28,2
DA:30,1
DA:31,2
DA:37,3
DA:39,1
DA:40,2
LF:13
LH:13
end_of_record
SF:lib\presentation\blocs\detail\detail_movie_bloc.dart
DA:25,1
DA:31,2
DA:32,2
DA:33,3
DA:35,1
DA:37,2
DA:39,2
DA:41,1
DA:42,2
DA:43,2
DA:45,1
DA:48,1
DA:49,1
DA:50,2
DA:57,1
DA:58,2
DA:59,2
DA:61,1
DA:64,1
DA:65,1
DA:66,1
DA:67,2
DA:72,1
DA:73,2
DA:85,2
DA:86,1
DA:87,2
DA:89,1
DA:90,5
DA:91,1
DA:92,3
DA:95,3
DA:98,2
DA:99,1
DA:100,2
DA:102,1
DA:103,5
DA:104,1
DA:105,3
DA:108,3
DA:111,2
DA:112,3
DA:113,3
LF:43
LH:43
end_of_record
SF:lib\presentation\blocs\now_playing\now_playing_movies_state.dart
DA:4,1
DA:5,1
DA:15,1
DA:17,1
DA:18,2
DA:24,1
DA:26,1
DA:27,2
LF:8
LH:8
end_of_record
SF:lib\presentation\blocs\now_playing\now_playing_movies_event.dart
DA:4,1
DA:8,1
DA:10,1
DA:11,1
LF:4
LH:4
end_of_record
SF:lib\presentation\blocs\now_playing\now_playing_movies_bloc.dart
DA:13,1
DA:14,2
DA:15,2
DA:16,2
DA:18,2
DA:20,1
DA:21,4
DA:22,1
DA:23,1
DA:24,2
DA:26,2
LF:11
LH:11
end_of_record
SF:lib\presentation\blocs\popular\popular_movies_state.dart
DA:4,1
DA:5,1
DA:15,2
DA:17,1
DA:18,2
DA:24,2
DA:26,1
DA:27,2
LF:8
LH:8
end_of_record
SF:lib\presentation\blocs\popular\popular_movies_bloc.dart
DA:12,3
DA:13,2
DA:14,2
DA:16,2
DA:18,1
DA:19,4
DA:20,1
DA:21,1
DA:22,2
DA:24,2
LF:10
LH:10
end_of_record
SF:lib\presentation\blocs\popular\popular_movies_event.dart
DA:4,5
DA:8,5
DA:10,1
DA:11,1
LF:4
LH:4
end_of_record
SF:lib\presentation\blocs\top_rated\top_rated_movies_bloc.dart
DA:13,3
DA:14,2
DA:15,2
DA:17,2
DA:19,1
DA:20,4
DA:21,1
DA:22,1
DA:23,2
DA:25,2
LF:10
LH:10
end_of_record
SF:lib\presentation\blocs\top_rated\top_rated_movies_event.dart
DA:4,2
DA:8,2
DA:10,1
DA:11,1
LF:4
LH:4
end_of_record
SF:lib\presentation\blocs\top_rated\top_rated_movies_state.dart
DA:4,1
DA:5,1
DA:15,2
DA:17,1
DA:18,2
DA:24,2
DA:26,1
DA:27,2
LF:8
LH:8
end_of_record
SF:lib\presentation\blocs\search\search_movies_state.dart
DA:4,4
DA:6,1
DA:7,1
DA:19,3
DA:21,1
DA:22,2
DA:28,2
DA:30,1
DA:31,2
LF:9
LH:9
end_of_record
SF:lib\presentation\blocs\search\search_movies_event.dart
DA:4,2
DA:10,2
DA:12,1
DA:13,2
LF:4
LH:4
end_of_record
SF:lib\presentation\blocs\search\search_movies_bloc.dart
DA:13,3
DA:14,2
DA:15,1
DA:17,2
DA:19,2
DA:20,1
DA:21,1
DA:22,3
DA:24,1
DA:25,1
DA:26,2
DA:28,2
DA:32,1
DA:35,1
DA:36,3
LF:15
LH:15
end_of_record
SF:lib\presentation\blocs\watchlist\watchlist_movies_bloc.dart
DA:13,1
DA:14,2
DA:15,2
DA:16,2
DA:18,2
DA:20,1
DA:21,4
DA:22,1
DA:23,1
DA:24,2
DA:26,2
LF:11
LH:11
end_of_record
SF:lib\presentation\blocs\watchlist\watchlist_movies_state.dart
DA:4,1
DA:5,1
DA:15,2
DA:17,1
DA:18,2
DA:24,2
DA:26,1
DA:27,2
LF:8
LH:8
end_of_record
SF:lib\presentation\blocs\watchlist\watchlist_movies_event.dart
DA:4,2
DA:8,2
DA:10,1
DA:11,1
LF:4
LH:4
end_of_record
SF:lib\presentation\pages\movie_detail_page.dart
DA:14,1
DA:16,1
DA:17,1
DA:24,1
DA:26,1
DA:27,2
DA:28,6
DA:29,6
DA:33,1
DA:35,1
DA:36,1
DA:37,1
DA:38,1
DA:39,1
DA:40,1
DA:41,1
DA:42,1
DA:43,1
DA:44,3
DA:45,1
DA:46,1
DA:50,1
DA:52,1
DA:53,1
DA:54,1
DA:60,1
DA:61,3
DA:62,2
DA:64,1
DA:65,1
DA:66,1
DA:70,1
DA:71,1
DA:72,1
DA:73,1
DA:74,1
DA:75,1
DA:78,1
DA:79,1
DA:80,2
DA:83,1
DA:97,1
DA:104,1
DA:106,3
DA:107,1
DA:108,1
DA:109,1
DA:110,3
DA:112,1
DA:115,0
DA:117,1
DA:119,1
DA:120,1
DA:121,1
DA:131,1
DA:132,1
DA:133,1
DA:135,1
DA:137,1
DA:139,1
DA:140,1
DA:141,2
DA:142,1
DA:144,1
DA:146,1
DA:147,1
DA:149,1
DA:150,3
DA:153,1
DA:154,2
DA:155,1
DA:159,1
DA:161,1
DA:162,1
DA:169,1
DA:170,3
DA:172,1
DA:173,3
DA:175,1
DA:176,1
DA:177,1
DA:178,3
DA:180,1
DA:186,4
DA:190,1
DA:192,1
DA:194,1
DA:195,2
DA:198,1
DA:200,1
DA:202,1
DA:203,1
DA:205,1
DA:206,1
DA:211,1
DA:213,1
DA:215,1
DA:217,1
DA:218,2
DA:219,1
DA:221,1
DA:222,0
DA:223,0
DA:226,0
DA:229,1
DA:234,1
DA:236,2
DA:237,1
DA:241,0
DA:248,2
DA:251,1
DA:253,2
DA:263,1
DA:265,1
DA:280,1
DA:282,1
DA:285,1
DA:288,1
DA:289,1
DA:298,1
DA:301,2
DA:302,3
DA:305,1
DA:309,3
DA:312,1
DA:313,1
DA:314,1
DA:316,1
DA:317,1
DA:319,0
LF:130
LH:124
end_of_record
SF:lib\presentation\pages\popular_movies_page.dart
DA:7,1
DA:9,1
DA:10,1
DA:14,1
DA:16,1
DA:17,2
DA:18,3
DA:21,1
DA:23,1
DA:24,1
DA:27,1
DA:29,1
DA:30,1
DA:31,1
DA:35,1
DA:36,1
DA:37,1
DA:38,2
DA:39,1
DA:41,2
DA:43,1
DA:44,1
DA:46,2
LF:23
LH:23
end_of_record
SF:lib\presentation\widgets\movie_card_list.dart
DA:9,4
DA:14,4
DA:16,4
DA:18,4
DA:19,0
DA:22,0
DA:24,4
DA:26,4
DA:27,4
DA:28,4
DA:34,4
DA:36,4
DA:37,4
DA:38,8
DA:41,4
DA:44,4
DA:45,8
DA:53,4
DA:58,4
DA:60,4
DA:61,12
DA:63,4
DA:66,0
LF:23
LH:20
end_of_record
SF:lib\presentation\pages\top_rated_movies_page.dart
DA:7,1
DA:9,1
DA:10,1
DA:14,1
DA:16,1
DA:17,2
DA:18,3
DA:21,1
DA:23,1
DA:24,1
DA:27,1
DA:29,1
DA:30,1
DA:31,1
DA:35,1
DA:36,1
DA:37,1
DA:38,2
DA:39,1
DA:41,2
DA:43,1
DA:44,1
DA:46,2
LF:23
LH:23
end_of_record
SF:lib\presentation\pages\search_movies_page.dart
DA:8,1
DA:10,1
DA:12,1
DA:13,0
DA:14,1
DA:16,1
DA:19,1
DA:21,1
DA:23,1
DA:24,1
DA:25,1
DA:27,1
DA:28,2
DA:41,1
DA:43,1
DA:45,1
DA:46,1
DA:47,1
DA:53,1
DA:54,1
DA:55,1
DA:56,1
DA:58,1
DA:59,1
DA:60,1
DA:62,1
DA:65,1
DA:66,1
DA:67,1
DA:68,1
DA:70,1
DA:73,2
DA:78,1
DA:79,1
DA:80,1
DA:82,2
DA:86,1
DA:87,1
LF:38
LH:37
end_of_record
SF:lib\presentation\pages\watchlist_movies_page.dart
DA:9,1
DA:11,1
DA:12,1
DA:17,1
DA:19,1
DA:20,2
DA:21,3
DA:24,1
DA:26,1
DA:27,4
DA:30,0
DA:32,0
DA:35,1
DA:37,1
DA:38,1
DA:40,1
DA:41,1
DA:42,1
DA:46,1
DA:47,1
DA:48,1
DA:49,2
DA:50,1
DA:52,2
DA:54,1
DA:55,1
DA:57,2
DA:80,1
DA:82,2
DA:83,1
LF:30
LH:28
end_of_record
