SF:./packages/core/lib\data\datasources\movie_local_data_source.dart
DA:15,1
DA:17,1
DA:20,2
DA:23,2
DA:27,1
DA:30,2
DA:33,2
DA:37,1
DA:39,2
DA:41,1
DA:47,1
DA:49,2
DA:50,4
LF:13
LH:13
end_of_record
SF:./packages/core/lib\utils\exception.dart
DA:6,4
LF:1
LH:1
end_of_record
SF:./packages/core/lib\data\models\movie_table.dart
DA:11,5
DA:18,2
DA:19,1
DA:20,1
DA:21,1
DA:22,1
DA:25,2
DA:26,1
DA:27,1
DA:28,1
DA:29,1
DA:32,2
DA:33,1
DA:34,1
DA:35,1
DA:36,1
DA:39,4
DA:40,2
DA:41,2
DA:42,2
DA:43,2
DA:46,2
DA:47,10
LF:23
LH:23
end_of_record
SF:./packages/core/lib\domain\entities\genre.dart
DA:4,12
DA:12,5
DA:13,15
LF:3
LH:3
end_of_record
SF:./packages/core/lib\domain\entities\movie.dart
DA:4,6
DA:20,5
DA:50,3
DA:51,3
DA:52,3
DA:53,3
DA:54,3
DA:55,3
DA:56,3
DA:57,3
DA:58,3
DA:59,3
DA:60,3
DA:61,3
DA:62,3
DA:63,3
DA:64,3
LF:17
LH:17
end_of_record
SF:./packages/core/lib\domain\entities\movie_detail.dart
DA:5,5
DA:33,2
DA:34,2
DA:35,2
DA:36,2
DA:37,2
DA:38,2
DA:39,2
DA:40,2
DA:41,2
DA:42,2
DA:43,2
DA:44,2
DA:45,2
LF:14
LH:14
end_of_record
SF:./packages/core/lib\data\datasources\movie_remote_data_source.dart
DA:21,1
DA:23,1
DA:26,5
DA:28,2
DA:29,4
DA:31,1
DA:35,1
DA:37,5
DA:39,2
DA:40,3
DA:42,1
DA:46,1
DA:48,1
DA:49,4
DA:51,2
DA:52,4
DA:54,1
DA:58,1
DA:61,5
DA:63,2
DA:64,4
DA:66,1
DA:70,1
DA:73,5
DA:75,2
DA:76,4
DA:78,1
DA:82,1
DA:84,1
DA:85,4
DA:87,2
DA:88,4
DA:90,1
LF:33
LH:33
end_of_record
SF:./packages/core/lib\data\datasources\tv_series_local_data_source.dart
DA:15,1
DA:17,1
DA:20,2
DA:23,2
DA:27,1
DA:30,2
DA:33,2
DA:37,1
DA:39,2
DA:41,1
DA:47,1
DA:49,2
DA:50,4
LF:13
LH:13
end_of_record
SF:./packages/core/lib\data\datasources\tv_series_remote_data_source.dart
DA:23,1
DA:25,1
DA:28,5
DA:30,2
DA:31,4
DA:33,1
DA:37,1
DA:39,5
DA:41,2
DA:42,4
DA:44,1
DA:48,1
DA:51,5
DA:53,2
DA:54,4
DA:56,1
DA:60,1
DA:63,5
DA:65,2
DA:66,4
DA:68,1
DA:72,1
DA:74,5
DA:76,2
DA:77,3
DA:79,1
DA:83,1
DA:86,5
DA:88,2
DA:89,4
DA:91,1
DA:95,1
DA:97,1
DA:98,4
DA:100,2
DA:101,3
DA:103,1
LF:37
LH:37
end_of_record
SF:./packages/core/lib\data\models\movie_detail_model.dart
DA:6,3
DA:52,1
DA:53,1
DA:54,1
DA:55,1
DA:56,1
DA:57,1
DA:58,4
DA:59,1
DA:60,1
DA:61,1
DA:62,1
DA:63,1
DA:64,1
DA:65,2
DA:66,1
DA:67,1
DA:68,1
DA:69,1
DA:70,1
DA:71,1
DA:72,1
DA:73,1
DA:74,2
DA:75,1
DA:78,2
DA:79,1
DA:80,1
DA:81,1
DA:82,5
DA:83,1
DA:84,1
DA:85,1
DA:86,1
DA:87,1
DA:88,1
DA:89,1
DA:90,1
DA:91,1
DA:92,1
DA:93,1
DA:94,1
DA:95,1
DA:96,1
DA:97,1
DA:98,1
DA:99,1
DA:102,2
DA:103,2
DA:104,2
DA:105,2
DA:106,10
DA:107,2
DA:108,2
DA:109,2
DA:110,2
DA:111,2
DA:112,2
DA:113,2
DA:114,2
DA:115,2
DA:119,1
DA:120,1
DA:121,1
DA:122,1
DA:123,1
DA:124,1
DA:125,1
DA:126,1
DA:127,1
DA:128,1
DA:129,1
DA:130,1
DA:131,1
DA:132,1
DA:133,1
DA:134,1
DA:135,1
DA:136,1
DA:137,1
DA:138,1
DA:139,1
DA:140,1
DA:141,1
LF:84
LH:84
end_of_record
SF:./packages/core/lib\data\models\movie_model.dart
DA:5,5
DA:35,4
DA:36,2
DA:37,2
DA:38,8
DA:39,2
DA:40,2
DA:41,2
DA:42,4
DA:43,2
DA:44,2
DA:45,2
DA:46,2
DA:47,4
DA:48,2
DA:51,2
DA:52,1
DA:53,1
DA:54,4
DA:55,1
DA:56,1
DA:57,1
DA:58,1
DA:59,1
DA:60,1
DA:61,1
DA:62,1
DA:63,1
DA:64,1
DA:67,2
DA:68,2
DA:69,2
DA:70,2
DA:71,2
DA:72,2
DA:73,2
DA:74,2
DA:75,2
DA:76,2
DA:77,2
DA:78,2
DA:79,2
DA:80,2
DA:81,2
DA:85,2
DA:86,2
DA:87,2
DA:88,2
DA:89,2
DA:90,2
DA:91,2
DA:92,2
DA:93,2
DA:94,2
DA:95,2
DA:96,2
DA:97,2
DA:98,2
DA:99,2
LF:59
LH:59
end_of_record
SF:./packages/core/lib\data\models\season_detail_model.dart
DA:14,4
DA:24,1
DA:25,1
DA:26,1
DA:27,1
DA:28,1
DA:29,1
DA:30,1
DA:31,1
DA:32,1
DA:35,2
DA:36,2
DA:37,2
DA:38,2
DA:39,10
DA:40,2
DA:41,2
DA:42,2
DA:43,2
DA:47,2
DA:48,1
DA:49,1
DA:50,5
DA:51,1
DA:52,1
DA:53,1
DA:54,1
DA:57,1
DA:58,1
DA:59,1
DA:60,1
DA:61,1
DA:62,4
DA:64,1
DA:65,1
DA:66,1
DA:67,1
LF:37
LH:37
end_of_record
SF:./packages/core/lib\data\models\tv_series_detail_model.dart
DA:7,4
DA:57,1
DA:58,1
DA:59,1
DA:60,1
DA:61,1
DA:62,4
DA:63,1
DA:64,1
DA:65,1
DA:66,4
DA:67,1
DA:68,1
DA:69,1
DA:70,1
DA:71,4
DA:72,1
DA:73,1
DA:74,1
DA:75,2
DA:76,1
DA:77,1
DA:78,4
DA:79,1
DA:80,1
DA:81,1
DA:82,2
DA:83,1
DA:86,2
DA:87,1
DA:88,1
DA:89,5
DA:90,1
DA:91,1
DA:92,1
DA:93,4
DA:94,1
DA:95,1
DA:96,1
DA:97,1
DA:98,4
DA:99,1
DA:100,1
DA:101,1
DA:102,1
DA:103,1
DA:104,5
DA:105,1
DA:106,1
DA:107,1
DA:108,1
DA:109,1
DA:112,2
DA:113,2
DA:114,2
DA:115,2
DA:116,10
DA:117,2
DA:118,2
DA:119,2
DA:120,2
DA:121,2
DA:122,2
DA:123,2
DA:124,10
DA:125,2
DA:126,2
DA:127,2
DA:128,2
DA:129,2
DA:132,1
DA:133,1
DA:134,1
DA:135,1
DA:136,1
DA:137,1
DA:138,1
DA:139,1
DA:140,1
DA:141,1
DA:142,1
DA:143,1
DA:144,1
DA:145,1
DA:146,1
DA:147,1
DA:148,1
DA:149,1
DA:150,1
DA:151,1
DA:152,1
DA:153,1
DA:154,1
DA:155,1
DA:156,1
LF:95
LH:95
end_of_record
SF:./packages/core/lib\data\models\tv_series_model.dart
DA:5,6
DA:35,4
DA:36,2
DA:37,4
DA:38,2
DA:39,2
DA:40,4
DA:41,2
DA:42,2
DA:43,8
DA:44,8
DA:45,2
DA:46,2
DA:47,2
DA:48,2
DA:51,2
DA:52,1
DA:53,1
DA:54,1
DA:55,1
DA:56,1
DA:57,1
DA:58,1
DA:59,4
DA:60,4
DA:61,1
DA:62,1
DA:63,1
DA:64,1
DA:67,2
DA:68,2
DA:69,2
DA:70,2
DA:71,2
DA:72,2
DA:73,2
DA:74,2
DA:75,2
DA:76,2
DA:77,2
DA:78,2
DA:79,2
DA:80,2
DA:81,2
DA:85,2
DA:86,2
DA:87,2
DA:88,2
DA:89,2
DA:90,2
DA:91,2
DA:92,2
DA:93,2
DA:94,2
DA:95,2
DA:96,2
DA:97,2
DA:98,2
DA:99,2
LF:59
LH:59
end_of_record
SF:./packages/core/lib\data\models\tv_series_table.dart
DA:11,5
DA:18,2
DA:19,1
DA:20,1
DA:21,1
DA:22,1
DA:25,2
DA:26,1
DA:27,1
DA:28,1
DA:29,1
DA:32,2
DA:33,1
DA:34,1
DA:35,1
DA:36,1
DA:39,4
DA:40,2
DA:41,2
DA:42,2
DA:43,2
DA:46,2
DA:47,2
DA:48,2
DA:49,2
DA:50,2
DA:51,2
LF:27
LH:27
end_of_record
SF:./packages/core/lib\domain\entities\season_detail.dart
DA:13,5
DA:23,2
DA:25,2
DA:26,2
DA:27,2
DA:28,2
DA:29,2
DA:30,2
DA:31,2
DA:32,2
LF:10
LH:10
end_of_record
SF:./packages/core/lib\domain\entities\tv_series.dart
DA:4,5
DA:20,5
DA:50,3
DA:51,3
DA:52,3
DA:53,3
DA:54,3
DA:55,3
DA:56,3
DA:57,3
DA:58,3
DA:59,3
DA:60,3
DA:61,3
DA:62,3
DA:63,3
DA:64,3
LF:17
LH:17
end_of_record
SF:./packages/core/lib\domain\entities\tv_series_detail.dart
DA:6,5
DA:42,2
DA:43,2
DA:44,2
DA:45,2
DA:46,2
DA:47,2
DA:48,2
DA:49,2
DA:50,2
DA:51,2
DA:52,2
DA:53,2
DA:54,2
DA:55,2
DA:56,2
DA:57,2
DA:58,2
DA:59,2
LF:19
LH:19
end_of_record
SF:./packages/core/lib\utils\constants.dart
DA:3,8
LF:1
LH:1
end_of_record
SF:./packages/core/lib\utils\failure.dart
DA:6,6
DA:8,2
DA:9,4
DA:13,4
DA:17,4
DA:21,4
DA:25,4
LF:7
LH:7
end_of_record
SF:./packages/core/lib\data\models\movie_response.dart
DA:7,3
DA:9,4
DA:10,4
DA:11,6
DA:12,6
DA:15,2
DA:16,5
DA:19,1
DA:20,2
LF:9
LH:9
end_of_record
SF:./packages/core/lib\data\models\tv_series_response.dart
DA:7,3
DA:9,2
DA:10,2
DA:11,4
DA:12,6
DA:13,4
DA:14,6
DA:17,2
DA:18,5
DA:21,1
DA:22,2
LF:11
LH:11
end_of_record
SF:./packages/core/lib\data\models\episode_model.dart
DA:16,5
DA:29,1
DA:30,1
DA:31,1
DA:32,1
DA:33,1
DA:34,1
DA:35,1
DA:36,1
DA:37,1
DA:38,1
DA:39,1
DA:40,1
DA:43,4
DA:44,2
DA:45,2
DA:46,2
DA:47,2
DA:48,2
DA:49,2
DA:50,2
DA:51,2
DA:52,2
DA:53,2
DA:56,2
DA:57,1
DA:58,1
DA:59,1
DA:60,1
DA:61,1
DA:62,1
DA:63,1
DA:64,1
DA:65,1
DA:66,1
DA:69,3
DA:70,3
DA:71,3
DA:72,3
DA:73,3
DA:74,3
DA:75,3
DA:76,3
DA:77,3
DA:78,3
DA:79,3
DA:80,3
LF:47
LH:47
end_of_record
SF:./packages/core/lib\domain\entities\episode.dart
DA:15,7
DA:28,3
DA:30,3
DA:31,3
DA:32,3
DA:33,3
DA:34,3
DA:35,3
DA:36,3
DA:37,3
DA:38,3
DA:39,3
DA:40,3
LF:13
LH:13
end_of_record
SF:./packages/core/lib\data\models\genre_model.dart
DA:5,8
DA:13,4
DA:14,2
DA:15,2
DA:18,6
DA:19,3
DA:20,3
DA:23,5
DA:24,15
DA:27,2
DA:28,6
LF:11
LH:11
end_of_record
SF:./packages/core/lib\data\models\season_model.dart
DA:5,5
DA:23,2
DA:24,1
DA:25,1
DA:26,1
DA:27,1
DA:28,1
DA:29,1
DA:30,1
DA:33,4
DA:34,2
DA:35,2
DA:36,2
DA:37,2
DA:38,2
DA:39,2
DA:40,2
DA:43,3
DA:44,3
DA:45,3
DA:46,3
DA:47,3
DA:48,3
DA:49,3
DA:50,3
DA:51,3
DA:55,1
DA:56,1
DA:57,1
DA:58,1
DA:59,1
DA:60,1
DA:61,1
DA:62,1
DA:63,1
LF:35
LH:35
end_of_record
SF:./packages/core/lib\domain\entities\season.dart
DA:4,7
DA:22,3
DA:23,3
DA:24,3
DA:25,3
DA:26,3
DA:27,3
DA:28,3
DA:29,3
DA:30,3
LF:10
LH:10
end_of_record
SF:./packages/core/lib\env\env.dart
DA:8,6
LF:1
LH:1
end_of_record
SF:./packages/core/lib\env\env.g.dart
DA:78,6
DA:79,6
DA:80,10
DA:81,2
LF:4
LH:4
end_of_record
SF:./packages/core/lib\data\repositories\movie_repository_impl.dart
DA:16,1
DA:21,1
DA:24,2
DA:25,5
DA:26,1
DA:28,1
DA:30,1
DA:31,4
DA:35,1
DA:38,2
DA:39,2
DA:40,1
DA:42,1
DA:44,1
DA:45,4
DA:49,1
DA:52,2
DA:53,3
DA:54,1
DA:56,1
DA:58,1
DA:59,4
DA:63,1
DA:66,2
DA:67,5
DA:68,1
DA:70,1
DA:72,1
DA:73,4
DA:77,1
DA:80,2
DA:81,5
DA:82,1
DA:84,1
DA:86,1
DA:87,4
DA:91,1
DA:94,2
DA:95,5
DA:96,1
DA:98,1
DA:100,1
DA:101,4
DA:105,1
DA:109,3
DA:110,1
DA:111,1
DA:112,3
DA:118,1
DA:122,3
DA:123,1
DA:124,1
DA:125,3
DA:129,1
DA:131,2
DA:135,1
DA:137,2
DA:138,5
LF:58
LH:58
end_of_record
SF:./packages/core/lib\data\repositories\tv_series_repository_impl.dart
DA:17,1
DA:22,1
DA:25,2
DA:26,2
DA:27,1
DA:29,1
DA:31,1
DA:32,4
DA:36,1
DA:39,2
DA:40,5
DA:41,1
DA:43,1
DA:45,1
DA:46,4
DA:50,1
DA:53,2
DA:54,5
DA:55,1
DA:57,1
DA:59,1
DA:60,4
DA:64,1
DA:67,2
DA:68,3
DA:69,1
DA:71,1
DA:73,1
DA:74,4
DA:78,1
DA:81,2
DA:82,5
DA:83,1
DA:85,1
DA:87,1
DA:88,4
DA:92,1
DA:95,2
DA:96,5
DA:97,1
DA:98,3
DA:102,1
DA:104,2
DA:108,1
DA:112,1
DA:113,2
DA:114,1
DA:115,1
DA:116,3
DA:120,1
DA:124,1
DA:125,2
DA:126,1
DA:127,1
DA:128,3
DA:134,1
DA:137,2
DA:138,5
DA:139,1
DA:141,1
DA:143,1
DA:144,4
DA:148,1
DA:154,2
DA:155,2
DA:156,1
DA:158,1
DA:160,1
DA:161,4
LF:69
LH:69
end_of_record
SF:./packages/movies/lib\domain\usecases\get_detail_movie.dart
DA:9,1
DA:11,1
DA:12,2
LF:3
LH:3
end_of_record
SF:./packages/movies/lib\domain\usecases\get_now_playing_movies.dart
DA:9,1
DA:11,1
DA:12,2
LF:3
LH:3
end_of_record
SF:./packages/movies/lib\domain\usecases\get_popular_movies.dart
DA:9,1
DA:11,1
DA:12,2
LF:3
LH:3
end_of_record
SF:./packages/movies/lib\domain\usecases\get_recommendation_movies.dart
DA:9,1
DA:11,1
DA:12,2
LF:3
LH:3
end_of_record
SF:./packages/movies/lib\domain\usecases\get_top_rated_movies.dart
DA:9,1
DA:11,1
DA:12,2
LF:3
LH:3
end_of_record
SF:./packages/movies/lib\domain\usecases\get_watchlist_movies.dart
DA:9,1
DA:11,1
DA:12,2
LF:3
LH:3
end_of_record
SF:./packages/movies/lib\domain\usecases\get_watchlist_status_movie.dart
DA:6,1
DA:8,1
DA:9,2
LF:3
LH:3
end_of_record
SF:./packages/movies/lib\domain\usecases\remove_watchlist_movie.dart
DA:9,1
DA:11,1
DA:12,2
LF:3
LH:3
end_of_record
SF:./packages/movies/lib\domain\usecases\save_watchlist_movie.dart
DA:9,1
DA:11,1
DA:12,2
LF:3
LH:3
end_of_record
SF:./packages/movies/lib\domain\usecases\search_movies.dart
DA:9,1
DA:11,1
DA:12,2
LF:3
LH:3
end_of_record
SF:./packages/movies/lib\presentation\blocs\detail\detail_movie_state.dart
DA:12,4
DA:22,1
DA:24,1
DA:25,1
DA:26,1
DA:27,1
DA:28,1
DA:29,1
DA:30,1
DA:31,1
DA:35,2
DA:44,2
DA:45,2
DA:46,2
DA:47,2
DA:49,2
DA:50,2
DA:51,2
DA:52,2
DA:56,2
LF:20
LH:20
end_of_record
SF:./packages/movies/lib\presentation\blocs\detail\detail_movie_event.dart
DA:4,3
DA:10,2
DA:12,1
DA:13,2
DA:19,2
DA:21,1
DA:22,2
DA:28,2
DA:30,1
DA:31,2
DA:37,3
DA:39,1
DA:40,2
LF:13
LH:13
end_of_record
SF:./packages/movies/lib\presentation\blocs\detail\detail_movie_bloc.dart
DA:25,1
DA:31,2
DA:32,2
DA:33,3
DA:35,1
DA:37,2
DA:39,2
DA:41,1
DA:42,2
DA:43,2
DA:45,1
DA:48,1
DA:49,1
DA:50,2
DA:57,1
DA:58,2
DA:59,2
DA:61,1
DA:64,1
DA:65,1
DA:66,1
DA:67,2
DA:72,1
DA:73,2
DA:85,2
DA:86,1
DA:87,2
DA:89,1
DA:90,5
DA:91,1
DA:92,3
DA:95,3
DA:98,2
DA:99,1
DA:100,2
DA:102,1
DA:103,5
DA:104,1
DA:105,3
DA:108,3
DA:111,2
DA:112,3
DA:113,3
LF:43
LH:43
end_of_record
SF:./packages/movies/lib\presentation\blocs\now_playing\now_playing_movies_state.dart
DA:4,1
DA:5,1
DA:15,1
DA:17,1
DA:18,2
DA:24,1
DA:26,1
DA:27,2
LF:8
LH:8
end_of_record
SF:./packages/movies/lib\presentation\blocs\now_playing\now_playing_movies_event.dart
DA:4,1
DA:8,1
DA:10,1
DA:11,1
LF:4
LH:4
end_of_record
SF:./packages/movies/lib\presentation\blocs\now_playing\now_playing_movies_bloc.dart
DA:13,1
DA:14,2
DA:15,2
DA:16,2
DA:18,2
DA:20,1
DA:21,4
DA:22,1
DA:23,1
DA:24,2
DA:26,2
LF:11
LH:11
end_of_record
SF:./packages/movies/lib\presentation\blocs\popular\popular_movies_state.dart
DA:4,1
DA:5,1
DA:15,2
DA:17,1
DA:18,2
DA:24,2
DA:26,1
DA:27,2
LF:8
LH:8
end_of_record
SF:./packages/movies/lib\presentation\blocs\popular\popular_movies_bloc.dart
DA:12,3
DA:13,2
DA:14,2
DA:16,2
DA:18,1
DA:19,4
DA:20,1
DA:21,1
DA:22,2
DA:24,2
LF:10
LH:10
end_of_record
SF:./packages/movies/lib\presentation\blocs\popular\popular_movies_event.dart
DA:4,5
DA:8,5
DA:10,1
DA:11,1
LF:4
LH:4
end_of_record
SF:./packages/movies/lib\presentation\blocs\top_rated\top_rated_movies_bloc.dart
DA:13,3
DA:14,2
DA:15,2
DA:17,2
DA:19,1
DA:20,4
DA:21,1
DA:22,1
DA:23,2
DA:25,2
LF:10
LH:10
end_of_record
SF:./packages/movies/lib\presentation\blocs\top_rated\top_rated_movies_event.dart
DA:4,2
DA:8,2
DA:10,1
DA:11,1
LF:4
LH:4
end_of_record
SF:./packages/movies/lib\presentation\blocs\top_rated\top_rated_movies_state.dart
DA:4,1
DA:5,1
DA:15,2
DA:17,1
DA:18,2
DA:24,2
DA:26,1
DA:27,2
LF:8
LH:8
end_of_record
SF:./packages/movies/lib\presentation\blocs\search\search_movies_state.dart
DA:4,4
DA:6,1
DA:7,1
DA:19,3
DA:21,1
DA:22,2
DA:28,2
DA:30,1
DA:31,2
LF:9
LH:9
end_of_record
SF:./packages/movies/lib\presentation\blocs\search\search_movies_event.dart
DA:4,2
DA:10,2
DA:12,1
DA:13,2
LF:4
LH:4
end_of_record
SF:./packages/movies/lib\presentation\blocs\search\search_movies_bloc.dart
DA:13,3
DA:14,2
DA:15,1
DA:17,2
DA:19,2
DA:20,1
DA:21,1
DA:22,3
DA:24,1
DA:25,1
DA:26,2
DA:28,2
DA:32,1
DA:35,1
DA:36,3
LF:15
LH:15
end_of_record
SF:./packages/movies/lib\presentation\blocs\watchlist\watchlist_movies_bloc.dart
DA:13,1
DA:14,2
DA:15,2
DA:16,2
DA:18,2
DA:20,1
DA:21,4
DA:22,1
DA:23,1
DA:24,2
DA:26,2
LF:11
LH:11
end_of_record
SF:./packages/movies/lib\presentation\blocs\watchlist\watchlist_movies_state.dart
DA:4,1
DA:5,1
DA:15,2
DA:17,1
DA:18,2
DA:24,2
DA:26,1
DA:27,2
LF:8
LH:8
end_of_record
SF:./packages/movies/lib\presentation\blocs\watchlist\watchlist_movies_event.dart
DA:4,2
DA:8,2
DA:10,1
DA:11,1
LF:4
LH:4
end_of_record
SF:./packages/movies/lib\presentation\pages\movie_detail_page.dart
DA:14,1
DA:16,1
DA:17,1
DA:24,1
DA:26,1
DA:27,2
DA:28,6
DA:29,6
DA:33,1
DA:35,1
DA:36,1
DA:37,1
DA:38,1
DA:39,1
DA:40,1
DA:41,1
DA:42,1
DA:43,1
DA:44,3
DA:45,1
DA:46,1
DA:50,1
DA:52,1
DA:53,1
DA:54,1
DA:60,1
DA:61,3
DA:62,2
DA:64,1
DA:65,1
DA:66,1
DA:70,1
DA:71,1
DA:72,1
DA:73,1
DA:74,1
DA:75,1
DA:78,1
DA:79,1
DA:80,2
DA:83,1
DA:97,1
DA:104,1
DA:106,3
DA:107,1
DA:108,1
DA:109,1
DA:110,3
DA:112,1
DA:115,0
DA:117,1
DA:119,1
DA:120,1
DA:121,1
DA:131,1
DA:132,1
DA:133,1
DA:135,1
DA:137,1
DA:139,1
DA:140,1
DA:141,2
DA:142,1
DA:144,1
DA:146,1
DA:147,1
DA:149,1
DA:150,3
DA:153,1
DA:154,2
DA:155,1
DA:159,1
DA:161,1
DA:162,1
DA:169,1
DA:170,3
DA:172,1
DA:173,3
DA:175,1
DA:176,1
DA:177,1
DA:178,3
DA:180,1
DA:186,4
DA:190,1
DA:192,1
DA:194,1
DA:195,2
DA:198,1
DA:200,1
DA:202,1
DA:203,1
DA:205,1
DA:206,1
DA:211,1
DA:213,1
DA:215,1
DA:217,1
DA:218,2
DA:219,1
DA:221,1
DA:222,0
DA:223,0
DA:226,0
DA:229,1
DA:234,1
DA:236,2
DA:237,1
DA:241,0
DA:248,2
DA:251,1
DA:253,2
DA:263,1
DA:265,1
DA:280,1
DA:282,1
DA:285,1
DA:288,1
DA:289,1
DA:298,1
DA:301,2
DA:302,3
DA:305,1
DA:309,3
DA:312,1
DA:313,1
DA:314,1
DA:316,1
DA:317,1
DA:319,0
LF:130
LH:124
end_of_record
SF:./packages/movies/lib\presentation\pages\popular_movies_page.dart
DA:7,1
DA:9,1
DA:10,1
DA:14,1
DA:16,1
DA:17,2
DA:18,3
DA:21,1
DA:23,1
DA:24,1
DA:27,1
DA:29,1
DA:30,1
DA:31,1
DA:35,1
DA:36,1
DA:37,1
DA:38,2
DA:39,1
DA:41,2
DA:43,1
DA:44,1
DA:46,2
LF:23
LH:23
end_of_record
SF:./packages/movies/lib\presentation\widgets\movie_card_list.dart
DA:9,4
DA:14,4
DA:16,4
DA:18,4
DA:19,0
DA:22,0
DA:24,4
DA:26,4
DA:27,4
DA:28,4
DA:34,4
DA:36,4
DA:37,4
DA:38,8
DA:41,4
DA:44,4
DA:45,8
DA:53,4
DA:58,4
DA:60,4
DA:61,12
DA:63,4
DA:66,0
LF:23
LH:20
end_of_record
SF:./packages/movies/lib\presentation\pages\top_rated_movies_page.dart
DA:7,1
DA:9,1
DA:10,1
DA:14,1
DA:16,1
DA:17,2
DA:18,3
DA:21,1
DA:23,1
DA:24,1
DA:27,1
DA:29,1
DA:30,1
DA:31,1
DA:35,1
DA:36,1
DA:37,1
DA:38,2
DA:39,1
DA:41,2
DA:43,1
DA:44,1
DA:46,2
LF:23
LH:23
end_of_record
SF:./packages/movies/lib\presentation\pages\search_movies_page.dart
DA:8,1
DA:10,1
DA:12,1
DA:13,0
DA:14,1
DA:16,1
DA:19,1
DA:21,1
DA:23,1
DA:24,1
DA:25,1
DA:27,1
DA:28,2
DA:41,1
DA:43,1
DA:45,1
DA:46,1
DA:47,1
DA:53,1
DA:54,1
DA:55,1
DA:56,1
DA:58,1
DA:59,1
DA:60,1
DA:62,1
DA:65,1
DA:66,1
DA:67,1
DA:68,1
DA:70,1
DA:73,2
DA:78,1
DA:79,1
DA:80,1
DA:82,2
DA:86,1
DA:87,1
LF:38
LH:37
end_of_record
SF:./packages/movies/lib\presentation\pages\watchlist_movies_page.dart
DA:9,1
DA:11,1
DA:12,1
DA:17,1
DA:19,1
DA:20,2
DA:21,3
DA:24,1
DA:26,1
DA:27,4
DA:30,0
DA:32,0
DA:35,1
DA:37,1
DA:38,1
DA:40,1
DA:41,1
DA:42,1
DA:46,1
DA:47,1
DA:48,1
DA:49,2
DA:50,1
DA:52,2
DA:54,1
DA:55,1
DA:57,2
DA:80,1
DA:82,2
DA:83,1
LF:30
LH:28
end_of_record
SF:./packages/tv_series/lib\domain\usecases\get_detail_tv_series.dart
DA:9,1
DA:11,1
DA:12,2
LF:3
LH:3
end_of_record
SF:./packages/tv_series/lib\domain\usecases\get_now_playing_tv_series.dart
DA:9,1
DA:11,1
DA:12,2
LF:3
LH:3
end_of_record
SF:./packages/tv_series/lib\domain\usecases\get_popular_tv_series.dart
DA:9,1
DA:11,1
DA:12,2
LF:3
LH:3
end_of_record
SF:./packages/tv_series/lib\domain\usecases\get_recommendation_tv_series.dart
DA:9,1
DA:11,1
DA:12,2
LF:3
LH:3
end_of_record
SF:./packages/tv_series/lib\domain\usecases\get_season_detail.dart
DA:9,1
DA:11,1
DA:12,2
LF:3
LH:3
end_of_record
SF:./packages/tv_series/lib\domain\usecases\get_top_rated_tv_series.dart
DA:9,1
DA:11,1
DA:12,2
LF:3
LH:3
end_of_record
SF:./packages/tv_series/lib\domain\usecases\get_watchlist_status_tv_series.dart
DA:6,1
DA:8,1
DA:9,2
LF:3
LH:3
end_of_record
SF:./packages/tv_series/lib\domain\usecases\get_watchlist_tv_series.dart
DA:9,1
DA:11,1
DA:12,2
LF:3
LH:3
end_of_record
SF:./packages/tv_series/lib\domain\usecases\remove_watchlist_tv_series.dart
DA:9,1
DA:11,1
DA:12,2
LF:3
LH:3
end_of_record
SF:./packages/tv_series/lib\domain\usecases\save_watchlist_tv_series.dart
DA:9,1
DA:11,1
DA:12,2
LF:3
LH:3
end_of_record
SF:./packages/tv_series/lib\domain\usecases\search_tv_series.dart
DA:9,1
DA:11,1
DA:12,2
LF:3
LH:3
end_of_record
SF:./packages/tv_series/lib\presentation\blocs\detail\detail_tv_series_state.dart
DA:4,3
DA:6,1
DA:7,1
DA:17,3
DA:19,1
DA:20,2
DA:26,3
DA:28,1
DA:29,2
LF:9
LH:9
end_of_record
SF:./packages/tv_series/lib\presentation\blocs\detail\detail_tv_series_bloc.dart
DA:13,1
DA:15,2
DA:16,2
DA:17,2
DA:19,1
DA:20,2
DA:22,1
DA:23,4
DA:24,3
LF:9
LH:9
end_of_record
SF:./packages/tv_series/lib\presentation\blocs\detail\detail_tv_series_event.dart
DA:4,2
DA:10,2
DA:12,1
DA:13,2
LF:4
LH:4
end_of_record
SF:./packages/tv_series/lib\presentation\blocs\now_playing\now_playing_tv_series_bloc.dart
DA:13,1
DA:14,2
DA:15,2
DA:16,2
DA:18,2
DA:20,1
DA:21,4
DA:22,3
LF:8
LH:8
end_of_record
SF:./packages/tv_series/lib\presentation\blocs\now_playing\now_playing_tv_series_state.dart
DA:4,4
DA:6,1
DA:7,1
DA:17,3
DA:19,1
DA:20,2
DA:26,2
DA:28,1
DA:29,2
LF:9
LH:9
end_of_record
SF:./packages/tv_series/lib\presentation\blocs\now_playing\now_playing_tv_series_event.dart
DA:4,6
DA:8,6
DA:10,1
DA:11,1
LF:4
LH:4
end_of_record
SF:./packages/tv_series/lib\presentation\blocs\popular\popular_tv_series_state.dart
DA:4,4
DA:6,1
DA:7,1
DA:17,3
DA:19,1
DA:20,2
DA:26,2
DA:28,1
DA:29,2
LF:9
LH:9
end_of_record
SF:./packages/tv_series/lib\presentation\blocs\popular\popular_tv_series_bloc.dart
DA:13,1
DA:14,2
DA:15,2
DA:16,2
DA:18,2
DA:20,1
DA:21,4
DA:22,3
LF:8
LH:8
end_of_record
SF:./packages/tv_series/lib\presentation\blocs\popular\popular_tv_series_event.dart
DA:4,2
DA:8,2
DA:10,1
DA:11,1
LF:4
LH:4
end_of_record
SF:./packages/tv_series/lib\presentation\blocs\recommendation\recommendation_tv_series_event.dart
DA:4,2
DA:10,2
DA:12,1
DA:13,2
LF:4
LH:4
end_of_record
SF:./packages/tv_series/lib\presentation\blocs\recommendation\recommendation_tv_series_state.dart
DA:4,4
DA:6,1
DA:7,1
DA:17,3
DA:19,1
DA:20,2
DA:26,2
DA:28,1
DA:29,2
LF:9
LH:9
end_of_record
SF:./packages/tv_series/lib\presentation\blocs\recommendation\recommendation_tv_series_bloc.dart
DA:13,1
DA:14,2
DA:15,2
DA:16,2
DA:18,1
DA:19,2
DA:21,1
DA:22,4
DA:23,1
DA:24,1
DA:25,2
DA:27,2
LF:12
LH:12
end_of_record
SF:./packages/tv_series/lib\presentation\blocs\season_detail\season_detail_event.dart
DA:4,2
DA:11,2
DA:16,1
DA:17,3
LF:4
LH:4
end_of_record
SF:./packages/tv_series/lib\presentation\blocs\season_detail\season_detail_bloc.dart
DA:12,3
DA:13,2
DA:14,2
DA:16,2
DA:17,1
DA:18,1
DA:21,1
DA:22,4
DA:23,3
LF:9
LH:9
end_of_record
SF:./packages/tv_series/lib\presentation\blocs\season_detail\season_detail_state.dart
DA:4,4
DA:6,1
DA:7,1
DA:17,3
DA:19,1
DA:20,2
DA:26,3
DA:28,1
DA:29,2
LF:9
LH:9
end_of_record
SF:./packages/tv_series/lib\presentation\blocs\search\search_tv_series_state.dart
DA:4,4
DA:6,1
DA:7,1
DA:19,3
DA:21,1
DA:22,2
DA:28,2
DA:30,1
DA:31,2
LF:9
LH:9
end_of_record
SF:./packages/tv_series/lib\presentation\blocs\search\search_tv_series_event.dart
DA:4,2
DA:10,2
DA:12,1
DA:13,2
LF:4
LH:4
end_of_record
SF:./packages/tv_series/lib\presentation\blocs\search\search_tv_series_bloc.dart
DA:14,3
DA:15,2
DA:16,1
DA:18,2
DA:20,2
DA:21,1
DA:22,1
DA:23,3
DA:25,1
DA:26,1
DA:27,2
DA:29,2
DA:33,1
DA:36,1
DA:37,3
LF:15
LH:15
end_of_record
SF:./packages/tv_series/lib\presentation\blocs\top_rated\top_rated_tv_series_event.dart
DA:4,2
DA:8,2
DA:10,1
DA:11,1
LF:4
LH:4
end_of_record
SF:./packages/tv_series/lib\presentation\blocs\top_rated\top_rated_tv_series_bloc.dart
DA:13,1
DA:14,2
DA:15,2
DA:16,2
DA:18,2
DA:20,1
DA:21,4
DA:22,3
LF:8
LH:8
end_of_record
SF:./packages/tv_series/lib\presentation\blocs\top_rated\top_rated_tv_series_state.dart
DA:4,4
DA:6,1
DA:7,1
DA:17,3
DA:19,1
DA:20,2
DA:26,2
DA:28,1
DA:29,2
LF:9
LH:9
end_of_record
SF:./packages/tv_series/lib\presentation\blocs\watchlist\watchlist_tv_series_state.dart
DA:4,4
DA:6,1
DA:7,1
DA:17,3
DA:19,1
DA:20,2
DA:26,2
DA:28,1
DA:29,2
LF:9
LH:9
end_of_record
SF:./packages/tv_series/lib\presentation\blocs\watchlist\watchlist_tv_series_event.dart
DA:4,2
DA:8,2
DA:10,1
DA:11,1
LF:4
LH:4
end_of_record
SF:./packages/tv_series/lib\presentation\blocs\watchlist\watchlist_tv_series_bloc.dart
DA:13,1
DA:14,2
DA:15,2
DA:16,2
DA:18,2
DA:20,1
DA:21,4
DA:22,1
DA:23,1
DA:24,2
DA:26,2
LF:11
LH:11
end_of_record
SF:./packages/tv_series/lib\presentation\blocs\watchlist_status\watchlist_status_tv_series_event.dart
DA:4,2
DA:10,2
DA:12,1
DA:13,2
DA:19,2
DA:21,1
DA:22,2
DA:28,2
DA:30,1
DA:31,2
LF:10
LH:10
end_of_record
SF:./packages/tv_series/lib\presentation\blocs\watchlist_status\watchlist_status_tv_series_state.dart
DA:7,5
DA:12,1
DA:13,3
LF:3
LH:3
end_of_record
SF:./packages/tv_series/lib\presentation\blocs\watchlist_status\watchlist_status_tv_series_bloc.dart
DA:20,1
DA:24,1
DA:26,2
DA:27,1
DA:28,1
DA:30,2
DA:31,2
DA:33,1
DA:34,1
DA:35,2
DA:37,1
DA:40,1
DA:41,2
DA:49,2
DA:50,1
DA:51,1
DA:53,2
DA:54,2
DA:56,1
DA:57,1
DA:58,2
DA:60,1
DA:63,1
DA:64,2
DA:72,2
DA:73,1
DA:74,2
DA:76,2
LF:28
LH:28
end_of_record
SF:./packages/tv_series/lib\presentation\pages\now_playing_tv_series_page.dart
DA:8,1
DA:10,1
DA:11,1
DA:15,1
DA:17,1
DA:18,3
DA:19,1
DA:20,1
DA:23,1
DA:25,1
DA:26,1
DA:29,1
DA:31,1
DA:32,1
DA:33,1
DA:37,1
DA:38,1
DA:39,1
DA:40,2
DA:41,1
DA:43,2
DA:45,1
DA:46,1
DA:48,2
LF:24
LH:24
end_of_record
SF:./packages/tv_series/lib\presentation\widgets\tv_series_card_list.dart
DA:9,5
DA:14,5
DA:16,5
DA:18,5
DA:19,0
DA:22,0
DA:24,5
DA:26,5
DA:27,5
DA:28,5
DA:34,5
DA:36,5
DA:37,5
DA:38,10
DA:41,5
DA:44,5
DA:45,10
DA:53,5
DA:58,5
DA:60,5
DA:61,15
DA:63,5
DA:66,0
LF:23
LH:20
end_of_record
SF:./packages/tv_series/lib\presentation\pages\popular_tv_series_page.dart
DA:8,1
DA:10,1
DA:11,1
DA:15,1
DA:17,1
DA:18,2
DA:19,3
DA:22,1
DA:24,1
DA:25,1
DA:28,1
DA:30,1
DA:31,1
DA:32,1
DA:36,1
DA:37,1
DA:38,1
DA:39,2
DA:40,1
DA:42,2
DA:44,1
DA:45,1
DA:47,2
LF:23
LH:23
end_of_record
SF:./packages/tv_series/lib\presentation\pages\search_tv_series_page.dart
DA:8,1
DA:10,1
DA:12,1
DA:13,0
DA:14,1
DA:16,1
DA:19,1
DA:21,1
DA:23,1
DA:24,1
DA:25,1
DA:27,1
DA:28,2
DA:41,1
DA:43,1
DA:45,1
DA:46,1
DA:47,1
DA:53,1
DA:54,1
DA:55,1
DA:56,1
DA:58,1
DA:59,1
DA:60,1
DA:62,1
DA:65,1
DA:66,1
DA:67,1
DA:68,1
DA:70,1
DA:73,2
DA:78,1
DA:79,1
DA:80,1
DA:81,1
DA:82,1
DA:88,1
DA:89,1
LF:39
LH:38
end_of_record
SF:./packages/tv_series/lib\presentation\pages\season_detail_page.dart
DA:12,1
DA:18,1
DA:19,1
DA:23,1
DA:25,1
DA:26,1
DA:27,5
DA:28,2
DA:29,2
DA:34,1
DA:36,1
DA:37,1
DA:38,1
DA:39,1
DA:40,1
DA:41,1
DA:42,1
DA:44,1
DA:45,1
DA:46,1
DA:47,2
DA:49,1
DA:50,3
DA:51,2
DA:56,1
DA:61,1
DA:62,1
DA:63,1
DA:67,1
DA:68,2
DA:69,1
DA:74,1
DA:75,1
DA:76,1
DA:77,1
DA:78,1
DA:82,1
DA:83,1
DA:85,2
DA:101,1
DA:106,1
DA:108,1
DA:110,1
DA:111,1
DA:113,1
DA:115,1
DA:116,1
DA:118,1
DA:119,1
DA:121,1
DA:122,1
DA:123,1
DA:127,2
DA:128,2
DA:129,1
DA:130,1
DA:133,0
DA:142,1
DA:143,1
DA:145,1
DA:147,1
DA:148,1
DA:149,3
DA:153,1
DA:154,2
DA:155,1
DA:165,1
DA:167,1
DA:168,2
LF:69
LH:68
end_of_record
SF:./packages/tv_series/lib\presentation\pages\top_rated_tv_series_page.dart
DA:8,1
DA:10,1
DA:11,1
DA:15,1
DA:17,1
DA:18,3
DA:19,1
DA:20,1
DA:23,1
DA:25,1
DA:26,1
DA:29,1
DA:31,1
DA:32,1
DA:33,1
DA:37,1
DA:38,1
DA:39,1
DA:40,2
DA:41,1
DA:43,2
DA:45,1
DA:46,1
DA:48,2
LF:24
LH:24
end_of_record
SF:./packages/tv_series/lib\presentation\pages\tv_series_detail_page.dart
DA:18,1
DA:20,1
DA:21,1
DA:28,1
DA:30,1
DA:31,2
DA:32,2
DA:33,4
DA:34,1
DA:35,1
DA:36,2
DA:37,1
DA:38,1
DA:39,2
DA:43,1
DA:45,1
DA:46,1
DA:47,1
DA:48,1
DA:49,1
DA:50,1
DA:54,1
DA:55,1
DA:56,1
DA:57,1
DA:58,1
DA:61,1
DA:62,1
DA:63,2
DA:66,0
DA:79,1
DA:85,1
DA:87,3
DA:89,1
DA:90,1
DA:91,1
DA:92,3
DA:94,1
DA:97,0
DA:99,1
DA:101,1
DA:102,1
DA:103,1
DA:115,1
DA:116,1
DA:117,1
DA:119,1
DA:121,1
DA:123,1
DA:124,1
DA:125,2
DA:126,1
DA:128,1
DA:130,1
DA:131,2
DA:134,2
DA:137,2
DA:138,1
DA:139,1
DA:140,1
DA:141,2
DA:145,1
DA:147,1
DA:148,1
DA:149,2
DA:155,1
DA:156,3
DA:157,2
DA:158,1
DA:159,1
DA:161,1
DA:162,1
DA:164,1
DA:165,1
DA:166,1
DA:167,1
DA:172,1
DA:173,1
DA:174,1
DA:175,1
DA:180,1
DA:182,1
DA:183,1
DA:192,1
DA:193,3
DA:195,1
DA:196,1
DA:197,1
DA:198,3
DA:200,1
DA:206,4
DA:210,1
DA:212,1
DA:214,1
DA:215,2
DA:218,1
DA:220,1
DA:222,1
DA:223,2
DA:224,2
DA:227,1
DA:229,1
DA:231,1
DA:233,1
DA:234,1
DA:239,1
DA:240,1
DA:241,1
DA:244,1
DA:245,1
DA:246,2
DA:249,1
DA:250,1
DA:251,1
DA:252,1
DA:274,1
DA:276,1
DA:291,1
DA:293,1
DA:296,1
DA:299,0
DA:300,0
DA:309,1
DA:312,2
DA:313,3
DA:316,1
DA:320,3
DA:327,1
DA:329,1
DA:331,1
DA:333,1
DA:335,1
DA:336,2
DA:337,1
DA:339,1
DA:340,0
DA:343,0
DA:345,1
DA:347,1
DA:348,2
DA:349,1
DA:354,0
DA:362,2
DA:372,1
DA:378,1
DA:380,1
DA:382,1
DA:384,1
DA:385,2
DA:386,1
DA:388,1
DA:389,0
DA:392,0
DA:393,0
DA:394,0
DA:397,1
DA:399,1
DA:400,1
DA:401,1
DA:403,1
DA:404,1
DA:405,1
DA:407,1
DA:408,1
DA:409,1
DA:410,1
DA:411,1
DA:412,1
DA:415,1
DA:420,0
DA:421,0
DA:431,1
DA:433,1
DA:435,1
DA:436,1
DA:437,1
DA:450,2
LF:177
LH:164
end_of_record
SF:./packages/tv_series/lib\presentation\pages\watchlist_tv_series_page.dart
DA:9,1
DA:11,1
DA:12,1
DA:17,1
DA:19,1
DA:20,3
DA:21,1
DA:22,1
DA:25,1
DA:27,1
DA:28,4
DA:31,0
DA:33,0
DA:36,1
DA:38,1
DA:39,1
DA:41,1
DA:42,1
DA:43,1
DA:47,1
DA:48,1
DA:49,1
DA:50,2
DA:51,1
DA:53,2
DA:55,1
DA:56,1
DA:58,2
DA:78,1
DA:80,2
DA:81,1
LF:31
LH:29
end_of_record
